  main.cpp
C:\Users\AMATYA\OneDrive\Desktop\_ML_C++\Neural_Networks\MNIST_NEURAL_NETWORKS_C++\MNIST_NEURAL_NETWORKS_C++\Matrix.h(53,27): warning C4018: '<': signed/unsigned mismatch
  (compiling source file 'main.cpp')
  
C:\Users\AMATYA\OneDrive\Desktop\_ML_C++\Neural_Networks\MNIST_NEURAL_NETWORKS_C++\MNIST_NEURAL_NETWORKS_C++\Matrix.h(54,31): warning C4018: '<': signed/unsigned mismatch
  (compiling source file 'main.cpp')
  
C:\Users\AMATYA\OneDrive\Desktop\_ML_C++\Neural_Networks\MNIST_NEURAL_NETWORKS_C++\MNIST_NEURAL_NETWORKS_C++\main.cpp(47,15): warning C4244: 'argument': conversion from 'double' to 'const unsigned int', possible loss of data
  Neural_Network.cpp
C:\Users\AMATYA\OneDrive\Desktop\_ML_C++\Neural_Networks\MNIST_NEURAL_NETWORKS_C++\MNIST_NEURAL_NETWORKS_C++\Matrix.h(53,27): warning C4018: '<': signed/unsigned mismatch
  (compiling source file 'Neural_Network.cpp')
  
C:\Users\AMATYA\OneDrive\Desktop\_ML_C++\Neural_Networks\MNIST_NEURAL_NETWORKS_C++\MNIST_NEURAL_NETWORKS_C++\Matrix.h(54,31): warning C4018: '<': signed/unsigned mismatch
  (compiling source file 'Neural_Network.cpp')
  
C:\Users\AMATYA\OneDrive\Desktop\_ML_C++\Neural_Networks\MNIST_NEURAL_NETWORKS_C++\MNIST_NEURAL_NETWORKS_C++\Neural_Network.cpp(40,13): warning C4267: 'initializing': conversion from 'size_t' to 'int', possible loss of data
  Model_weights.cpp
C:\Users\AMATYA\OneDrive\Desktop\_ML_C++\Neural_Networks\MNIST_NEURAL_NETWORKS_C++\MNIST_NEURAL_NETWORKS_C++\Matrix.h(53,27): warning C4018: '<': signed/unsigned mismatch
  (compiling source file 'Model_weights.cpp')
  
C:\Users\AMATYA\OneDrive\Desktop\_ML_C++\Neural_Networks\MNIST_NEURAL_NETWORKS_C++\MNIST_NEURAL_NETWORKS_C++\Matrix.h(54,31): warning C4018: '<': signed/unsigned mismatch
  (compiling source file 'Model_weights.cpp')
  
  Generating Code...
  MNIST_NEURAL_NETWORKS_C++.vcxproj -> C:\Users\AMATYA\OneDrive\Desktop\_ML_C++\Neural_Networks\MNIST_NEURAL_NETWORKS_C++\x64\Debug\MNIST_NEURAL_NETWORKS_C++.exe
  'pwsh.exe' is not recognized as an internal or external command,
  operable program or batch file.
